2026-03-21 21:41:11 - VisionIQ - INFO - Starting VisionIQ
2026-03-21 21:41:11 - VisionIQ - INFO - FPS: 25.0 | Resolution: 848x478 | Process Every N: 2
2026-03-21 21:41:11 - VisionIQ - INFO - Config: {
  "camera_id": "cam_1",
  "zones": [],
  "rules": {
    "maxPeople": 2,
    "restrictedAccess": false
  }
}
2026-03-21 21:41:20 - VisionIQ - INFO - Frame 60 | UI FPS: 7.2 | DET FPS: 3.6 | Status: SAFE | Score: 3 | People: 1 | Alerts: 0
2026-03-21 21:41:30 - VisionIQ - INFO - Frame 120 | UI FPS: 5.9 | DET FPS: 3.2 | Status: SAFE | Score: 5 | People: 1 | Alerts: 0
2026-03-21 21:41:33 - VisionIQ - WARNING - ALERT: alert_20260321_214133_819822 | Score: 45 | Status: WARNING
2026-03-21 21:41:38 - VisionIQ - INFO - Frame 180 | UI FPS: 7.2 | DET FPS: 3.3 | Status: CRITICAL | Score: 100 | People: 7 | Alerts: 1
2026-03-21 21:41:42 - VisionIQ - WARNING - ALERT: alert_20260321_214142_348795 | Score: 97 | Status: CRITICAL
2026-03-21 21:41:47 - VisionIQ - INFO - Frame 240 | UI FPS: 7.0 | DET FPS: 3.4 | Status: CRITICAL | Score: 98 | People: 3 | Alerts: 2
2026-03-21 21:41:52 - VisionIQ - WARNING - ALERT: alert_20260321_214152_533697 | Score: 90 | Status: CRITICAL
2026-03-21 21:41:57 - VisionIQ - INFO - Frame 300 | UI FPS: 5.9 | DET FPS: 3.3 | Status: CRITICAL | Score: 89 | People: 3 | Alerts: 3
2026-03-21 21:42:01 - VisionIQ - WARNING - ALERT: alert_20260321_214201_032085 | Score: 97 | Status: CRITICAL
2026-03-21 21:42:01 - VisionIQ - INFO - User exit
2026-03-21 21:42:01 - VisionIQ - INFO - Session ended | Total frames: 325 | Detection frames: 163 | Avg UI FPS: 6.6 | Avg DET FPS: 3.3 | Total alerts: 4
